[0.651s] DEBUG:colcon:Command line arguments: ['/usr/bin/colcon', 'build']
[0.652s] DEBUG:colcon:Parsed command line arguments: Namespace(log_base=None, log_level=None, verb_name='build', build_base='build', install_base='install', merge_install=False, symlink_install=False, test_result_base=None, continue_on_error=False, executor='parallel', parallel_workers=8, event_handlers=None, ignore_user_meta=False, metas=['./colcon.meta'], base_paths=['.'], packages_ignore=None, packages_ignore_regex=None, paths=None, packages_up_to=None, packages_up_to_regex=None, packages_above=None, packages_above_and_dependencies=None, packages_above_depth=None, packages_select_by_dep=None, packages_skip_by_dep=None, packages_skip_up_to=None, packages_select_build_failed=False, packages_skip_build_finished=False, packages_select_test_failures=False, packages_skip_test_passed=False, packages_select=None, packages_skip=None, packages_select_regex=None, packages_skip_regex=None, packages_start=None, packages_end=None, cmake_args=None, cmake_target=None, cmake_target_skip_unavailable=False, cmake_clean_cache=False, cmake_clean_first=False, cmake_force_configure=False, ament_cmake_args=None, catkin_cmake_args=None, catkin_skip_building_tests=False, verb_parser=<colcon_defaults.argument_parser.defaults.DefaultArgumentsDecorator object at 0x72b69532c4a0>, verb_extension=<colcon_core.verb.build.BuildVerb object at 0x72b695307e30>, main=<bound method BuildVerb.main of <colcon_core.verb.build.BuildVerb object at 0x72b695307e30>>)
[0.895s] Level 1:colcon.colcon_core.package_discovery:discover_packages(colcon_meta) check parameters
[0.896s] Level 1:colcon.colcon_core.package_discovery:discover_packages(recursive) check parameters
[0.897s] Level 1:colcon.colcon_core.package_discovery:discover_packages(ignore) check parameters
[0.897s] Level 1:colcon.colcon_core.package_discovery:discover_packages(path) check parameters
[0.897s] Level 1:colcon.colcon_core.package_discovery:discover_packages(colcon_meta) discover
[0.897s] Level 1:colcon.colcon_core.package_discovery:discover_packages(recursive) discover
[0.898s] INFO:colcon.colcon_core.package_discovery:Crawling recursively for packages in '/home/camila/ros2_ws/src/my_robot_test'
[0.898s] Level 1:colcon.colcon_core.package_identification:_identify(.) by extensions ['ignore', 'ignore_ament_install']
[0.898s] Level 1:colcon.colcon_core.package_identification:_identify(.) by extension 'ignore'
[0.898s] Level 1:colcon.colcon_core.package_identification:_identify(.) by extension 'ignore_ament_install'
[0.899s] Level 1:colcon.colcon_core.package_identification:_identify(.) by extensions ['colcon_pkg']
[0.899s] Level 1:colcon.colcon_core.package_identification:_identify(.) by extension 'colcon_pkg'
[0.899s] Level 1:colcon.colcon_core.package_identification:_identify(.) by extensions ['colcon_meta']
[0.899s] Level 1:colcon.colcon_core.package_identification:_identify(.) by extension 'colcon_meta'
[0.899s] Level 1:colcon.colcon_core.package_identification:_identify(.) by extensions ['ros']
[0.899s] Level 1:colcon.colcon_core.package_identification:_identify(.) by extension 'ros'
[1.050s] DEBUG:colcon.colcon_core.package_identification:Package '.' with type 'ros.ament_python' and name 'my_robot_test'
[1.050s] Level 1:colcon.colcon_core.package_discovery:discover_packages(recursive) using defaults
[1.050s] Level 1:colcon.colcon_core.package_discovery:discover_packages(ignore) discover
[1.050s] Level 1:colcon.colcon_core.package_discovery:discover_packages(ignore) using defaults
[1.050s] Level 1:colcon.colcon_core.package_discovery:discover_packages(path) discover
[1.050s] Level 1:colcon.colcon_core.package_discovery:discover_packages(path) using defaults
[1.147s] Level 5:colcon.colcon_core.verb:set package 'my_robot_test' build argument 'cmake_args' from command line to 'None'
[1.147s] Level 5:colcon.colcon_core.verb:set package 'my_robot_test' build argument 'cmake_target' from command line to 'None'
[1.147s] Level 5:colcon.colcon_core.verb:set package 'my_robot_test' build argument 'cmake_target_skip_unavailable' from command line to 'False'
[1.147s] Level 5:colcon.colcon_core.verb:set package 'my_robot_test' build argument 'cmake_clean_cache' from command line to 'False'
[1.147s] Level 5:colcon.colcon_core.verb:set package 'my_robot_test' build argument 'cmake_clean_first' from command line to 'False'
[1.147s] Level 5:colcon.colcon_core.verb:set package 'my_robot_test' build argument 'cmake_force_configure' from command line to 'False'
[1.148s] Level 5:colcon.colcon_core.verb:set package 'my_robot_test' build argument 'ament_cmake_args' from command line to 'None'
[1.148s] Level 5:colcon.colcon_core.verb:set package 'my_robot_test' build argument 'catkin_cmake_args' from command line to 'None'
[1.148s] Level 5:colcon.colcon_core.verb:set package 'my_robot_test' build argument 'catkin_skip_building_tests' from command line to 'False'
[1.148s] DEBUG:colcon.colcon_core.verb:Building package 'my_robot_test' with the following arguments: {'ament_cmake_args': None, 'build_base': '/home/camila/ros2_ws/src/my_robot_test/build/my_robot_test', 'catkin_cmake_args': None, 'catkin_skip_building_tests': False, 'cmake_args': None, 'cmake_clean_cache': False, 'cmake_clean_first': False, 'cmake_force_configure': False, 'cmake_target': None, 'cmake_target_skip_unavailable': False, 'install_base': '/home/camila/ros2_ws/src/my_robot_test/install/my_robot_test', 'merge_install': False, 'path': '/home/camila/ros2_ws/src/my_robot_test', 'symlink_install': False, 'test_result_base': None}
[1.148s] INFO:colcon.colcon_core.executor:Executing jobs using 'parallel' executor
[1.151s] DEBUG:colcon.colcon_parallel_executor.executor.parallel:run_until_complete
[1.154s] INFO:colcon.colcon_ros.task.ament_python.build:Building ROS package in '/home/camila/ros2_ws/src/my_robot_test' with build type 'ament_python'
[1.156s] Level 1:colcon.colcon_core.shell:create_environment_hook('my_robot_test', 'ament_prefix_path')
[1.168s] INFO:colcon.colcon_core.plugin_system:Skipping extension 'colcon_core.shell.bat': Not used on non-Windows systems
[1.169s] INFO:colcon.colcon_core.shell:Creating environment descriptor '/home/camila/ros2_ws/src/my_robot_test/install/my_robot_test/share/my_robot_test/hook/ament_prefix_path.dsv'
[1.173s] INFO:colcon.colcon_core.shell:Creating environment hook '/home/camila/ros2_ws/src/my_robot_test/install/my_robot_test/share/my_robot_test/hook/ament_prefix_path.sh'
[1.179s] DEBUG:colcon.colcon_core.shell:Skip shell extension 'dsv' for command environment
[2.625s] INFO:colcon.colcon_core.task.python.build:Building Python package in '/home/camila/ros2_ws/src/my_robot_test'
[2.626s] DEBUG:colcon.colcon_core.shell:Skip shell extension 'dsv' for command environment
[7.196s] DEBUG:colcon.colcon_core.event_handler.log_command:Invoking command in '/home/camila/ros2_ws/src/my_robot_test': DEBUGINFOD_URLS=https://debuginfod.ubuntu.com PYTHONPATH=/home/camila/ros2_ws/src/my_robot_test/build/my_robot_test/prefix_override:/usr/lib/python3/dist-packages/colcon_core/task/python/colcon_distutils_commands:/home/camila/ros2_ws/src/my_robot_test/install/my_robot_test/lib/python3.12/site-packages:${PYTHONPATH} /usr/bin/python3 -W ignore:setup.py install is deprecated -W ignore:easy_install command is deprecated setup.py egg_info --egg-base build/my_robot_test build --build-base /home/camila/ros2_ws/src/my_robot_test/build/my_robot_test/build install --record /home/camila/ros2_ws/src/my_robot_test/build/my_robot_test/install.log --single-version-externally-managed install_data
[10.795s] DEBUG:colcon.colcon_core.event_handler.log_command:Invoked command in '/home/camila/ros2_ws/src/my_robot_test' returned '0': DEBUGINFOD_URLS=https://debuginfod.ubuntu.com PYTHONPATH=/home/camila/ros2_ws/src/my_robot_test/build/my_robot_test/prefix_override:/usr/lib/python3/dist-packages/colcon_core/task/python/colcon_distutils_commands:/home/camila/ros2_ws/src/my_robot_test/install/my_robot_test/lib/python3.12/site-packages:${PYTHONPATH} /usr/bin/python3 -W ignore:setup.py install is deprecated -W ignore:easy_install command is deprecated setup.py egg_info --egg-base build/my_robot_test build --build-base /home/camila/ros2_ws/src/my_robot_test/build/my_robot_test/build install --record /home/camila/ros2_ws/src/my_robot_test/build/my_robot_test/install.log --single-version-externally-managed install_data
[10.822s] Level 1:colcon.colcon_core.environment:checking '/home/camila/ros2_ws/src/my_robot_test/install/my_robot_test' for CMake module files
[10.826s] Level 1:colcon.colcon_core.environment:checking '/home/camila/ros2_ws/src/my_robot_test/install/my_robot_test' for CMake config files
[10.832s] Level 1:colcon.colcon_core.environment:checking '/home/camila/ros2_ws/src/my_robot_test/install/my_robot_test/lib'
[10.833s] Level 1:colcon.colcon_core.environment:checking '/home/camila/ros2_ws/src/my_robot_test/install/my_robot_test/bin'
[10.834s] Level 1:colcon.colcon_core.environment:checking '/home/camila/ros2_ws/src/my_robot_test/install/my_robot_test/lib/pkgconfig/my_robot_test.pc'
[10.836s] Level 1:colcon.colcon_core.environment:checking '/home/camila/ros2_ws/src/my_robot_test/install/my_robot_test/lib/python3.12/site-packages'
[10.836s] Level 1:colcon.colcon_core.shell:create_environment_hook('my_robot_test', 'pythonpath')
[10.838s] INFO:colcon.colcon_core.shell:Creating environment descriptor '/home/camila/ros2_ws/src/my_robot_test/install/my_robot_test/share/my_robot_test/hook/pythonpath.dsv'
[10.841s] INFO:colcon.colcon_core.shell:Creating environment hook '/home/camila/ros2_ws/src/my_robot_test/install/my_robot_test/share/my_robot_test/hook/pythonpath.sh'
[10.843s] Level 1:colcon.colcon_core.environment:checking '/home/camila/ros2_ws/src/my_robot_test/install/my_robot_test/bin'
[10.844s] Level 1:colcon.colcon_core.environment:create_environment_scripts_only(my_robot_test)
[10.845s] INFO:colcon.colcon_core.shell:Creating package descriptor '/home/camila/ros2_ws/src/my_robot_test/install/my_robot_test/share/my_robot_test/package.dsv'
[10.847s] INFO:colcon.colcon_core.shell:Creating package script '/home/camila/ros2_ws/src/my_robot_test/install/my_robot_test/share/my_robot_test/package.sh'
[10.854s] INFO:colcon.colcon_core.shell:Creating package script '/home/camila/ros2_ws/src/my_robot_test/install/my_robot_test/share/my_robot_test/package.bash'
[10.860s] INFO:colcon.colcon_core.shell:Creating package script '/home/camila/ros2_ws/src/my_robot_test/install/my_robot_test/share/my_robot_test/package.zsh'
[10.863s] Level 1:colcon.colcon_core.environment:create_file_with_runtime_dependencies(/home/camila/ros2_ws/src/my_robot_test/install/my_robot_test/share/colcon-core/packages/my_robot_test)
[10.865s] DEBUG:colcon.colcon_parallel_executor.executor.parallel:closing loop
[10.866s] DEBUG:colcon.colcon_parallel_executor.executor.parallel:loop closed
[10.866s] DEBUG:colcon.colcon_parallel_executor.executor.parallel:run_until_complete finished with '0'
[10.867s] DEBUG:colcon.colcon_core.event_reactor:joining thread
[10.911s] INFO:colcon.colcon_core.plugin_system:Skipping extension 'colcon_notification.desktop_notification.terminal_notifier': Not used on non-Darwin systems
[10.912s] INFO:colcon.colcon_core.plugin_system:Skipping extension 'colcon_notification.desktop_notification.win32': Not used on non-Windows systems
[10.913s] INFO:colcon.colcon_notification.desktop_notification:Sending desktop notification using 'notify2'
[10.983s] DEBUG:colcon.colcon_core.event_reactor:joined thread
[10.984s] INFO:colcon.colcon_core.shell:Creating prefix script '/home/camila/ros2_ws/src/my_robot_test/install/local_setup.sh'
[10.987s] INFO:colcon.colcon_core.shell:Creating prefix util module '/home/camila/ros2_ws/src/my_robot_test/install/_local_setup_util_sh.py'
[10.995s] INFO:colcon.colcon_core.shell:Creating prefix chain script '/home/camila/ros2_ws/src/my_robot_test/install/setup.sh'
[11.000s] INFO:colcon.colcon_core.shell:Creating prefix script '/home/camila/ros2_ws/src/my_robot_test/install/local_setup.bash'
[11.006s] INFO:colcon.colcon_core.shell:Creating prefix chain script '/home/camila/ros2_ws/src/my_robot_test/install/setup.bash'
[11.011s] INFO:colcon.colcon_core.shell:Creating prefix script '/home/camila/ros2_ws/src/my_robot_test/install/local_setup.zsh'
[11.013s] INFO:colcon.colcon_core.shell:Creating prefix chain script '/home/camila/ros2_ws/src/my_robot_test/install/setup.zsh'
