[0.417s] DEBUG:colcon:Command line arguments: ['/usr/bin/colcon', 'build']
[0.418s] DEBUG:colcon:Parsed command line arguments: Namespace(log_base=None, log_level=None, verb_name='build', build_base='build', install_base='install', merge_install=False, symlink_install=False, test_result_base=None, continue_on_error=False, executor='parallel', parallel_workers=8, event_handlers=None, ignore_user_meta=False, metas=['./colcon.meta'], base_paths=['.'], packages_ignore=None, packages_ignore_regex=None, paths=None, packages_up_to=None, packages_up_to_regex=None, packages_above=None, packages_above_and_dependencies=None, packages_above_depth=None, packages_select_by_dep=None, packages_skip_by_dep=None, packages_skip_up_to=None, packages_select_build_failed=False, packages_skip_build_finished=False, packages_select_test_failures=False, packages_skip_test_passed=False, packages_select=None, packages_skip=None, packages_select_regex=None, packages_skip_regex=None, packages_start=None, packages_end=None, cmake_args=None, cmake_target=None, cmake_target_skip_unavailable=False, cmake_clean_cache=False, cmake_clean_first=False, cmake_force_configure=False, ament_cmake_args=None, catkin_cmake_args=None, catkin_skip_building_tests=False, verb_parser=<colcon_defaults.argument_parser.defaults.DefaultArgumentsDecorator object at 0x7e4fb1a1c710>, verb_extension=<colcon_core.verb.build.BuildVerb object at 0x7e4fb1a1c050>, main=<bound method BuildVerb.main of <colcon_core.verb.build.BuildVerb object at 0x7e4fb1a1c050>>)
[0.570s] Level 1:colcon.colcon_core.package_discovery:discover_packages(colcon_meta) check parameters
[0.570s] Level 1:colcon.colcon_core.package_discovery:discover_packages(recursive) check parameters
[0.570s] Level 1:colcon.colcon_core.package_discovery:discover_packages(ignore) check parameters
[0.570s] Level 1:colcon.colcon_core.package_discovery:discover_packages(path) check parameters
[0.570s] Level 1:colcon.colcon_core.package_discovery:discover_packages(colcon_meta) discover
[0.570s] Level 1:colcon.colcon_core.package_discovery:discover_packages(recursive) discover
[0.570s] INFO:colcon.colcon_core.package_discovery:Crawling recursively for packages in '/home/camila/ros2_ws/src/my_robot_test'
[0.571s] Level 1:colcon.colcon_core.package_identification:_identify(.) by extensions ['ignore', 'ignore_ament_install']
[0.571s] Level 1:colcon.colcon_core.package_identification:_identify(.) by extension 'ignore'
[0.571s] Level 1:colcon.colcon_core.package_identification:_identify(.) by extension 'ignore_ament_install'
[0.571s] Level 1:colcon.colcon_core.package_identification:_identify(.) by extensions ['colcon_pkg']
[0.572s] Level 1:colcon.colcon_core.package_identification:_identify(.) by extension 'colcon_pkg'
[0.572s] Level 1:colcon.colcon_core.package_identification:_identify(.) by extensions ['colcon_meta']
[0.572s] Level 1:colcon.colcon_core.package_identification:_identify(.) by extension 'colcon_meta'
[0.572s] Level 1:colcon.colcon_core.package_identification:_identify(.) by extensions ['ros']
[0.572s] Level 1:colcon.colcon_core.package_identification:_identify(.) by extension 'ros'
[0.672s] DEBUG:colcon.colcon_core.package_identification:Package '.' with type 'ros.ament_python' and name 'my_robot_test'
[0.672s] Level 1:colcon.colcon_core.package_discovery:discover_packages(recursive) using defaults
[0.672s] Level 1:colcon.colcon_core.package_discovery:discover_packages(ignore) discover
[0.672s] Level 1:colcon.colcon_core.package_discovery:discover_packages(ignore) using defaults
[0.673s] Level 1:colcon.colcon_core.package_discovery:discover_packages(path) discover
[0.673s] Level 1:colcon.colcon_core.package_discovery:discover_packages(path) using defaults
[0.733s] Level 5:colcon.colcon_core.verb:set package 'my_robot_test' build argument 'cmake_args' from command line to 'None'
[0.733s] Level 5:colcon.colcon_core.verb:set package 'my_robot_test' build argument 'cmake_target' from command line to 'None'
[0.733s] Level 5:colcon.colcon_core.verb:set package 'my_robot_test' build argument 'cmake_target_skip_unavailable' from command line to 'False'
[0.733s] Level 5:colcon.colcon_core.verb:set package 'my_robot_test' build argument 'cmake_clean_cache' from command line to 'False'
[0.733s] Level 5:colcon.colcon_core.verb:set package 'my_robot_test' build argument 'cmake_clean_first' from command line to 'False'
[0.733s] Level 5:colcon.colcon_core.verb:set package 'my_robot_test' build argument 'cmake_force_configure' from command line to 'False'
[0.733s] Level 5:colcon.colcon_core.verb:set package 'my_robot_test' build argument 'ament_cmake_args' from command line to 'None'
[0.733s] Level 5:colcon.colcon_core.verb:set package 'my_robot_test' build argument 'catkin_cmake_args' from command line to 'None'
[0.733s] Level 5:colcon.colcon_core.verb:set package 'my_robot_test' build argument 'catkin_skip_building_tests' from command line to 'False'
[0.734s] DEBUG:colcon.colcon_core.verb:Building package 'my_robot_test' with the following arguments: {'ament_cmake_args': None, 'build_base': '/home/camila/ros2_ws/src/my_robot_test/build/my_robot_test', 'catkin_cmake_args': None, 'catkin_skip_building_tests': False, 'cmake_args': None, 'cmake_clean_cache': False, 'cmake_clean_first': False, 'cmake_force_configure': False, 'cmake_target': None, 'cmake_target_skip_unavailable': False, 'install_base': '/home/camila/ros2_ws/src/my_robot_test/install/my_robot_test', 'merge_install': False, 'path': '/home/camila/ros2_ws/src/my_robot_test', 'symlink_install': False, 'test_result_base': None}
[0.734s] INFO:colcon.colcon_core.executor:Executing jobs using 'parallel' executor
[0.736s] DEBUG:colcon.colcon_parallel_executor.executor.parallel:run_until_complete
[0.736s] INFO:colcon.colcon_ros.task.ament_python.build:Building ROS package in '/home/camila/ros2_ws/src/my_robot_test' with build type 'ament_python'
[0.737s] Level 1:colcon.colcon_core.shell:create_environment_hook('my_robot_test', 'ament_prefix_path')
[0.746s] INFO:colcon.colcon_core.plugin_system:Skipping extension 'colcon_core.shell.bat': Not used on non-Windows systems
[0.747s] INFO:colcon.colcon_core.shell:Creating environment descriptor '/home/camila/ros2_ws/src/my_robot_test/install/my_robot_test/share/my_robot_test/hook/ament_prefix_path.dsv'
[0.750s] INFO:colcon.colcon_core.shell:Creating environment hook '/home/camila/ros2_ws/src/my_robot_test/install/my_robot_test/share/my_robot_test/hook/ament_prefix_path.sh'
[0.752s] DEBUG:colcon.colcon_core.shell:Skip shell extension 'dsv' for command environment
[1.795s] INFO:colcon.colcon_core.task.python.build:Building Python package in '/home/camila/ros2_ws/src/my_robot_test'
[1.796s] DEBUG:colcon.colcon_core.shell:Skip shell extension 'dsv' for command environment
[4.675s] DEBUG:colcon.colcon_core.event_handler.log_command:Invoking command in '/home/camila/ros2_ws/src/my_robot_test': DEBUGINFOD_URLS=https://debuginfod.ubuntu.com PYTHONPATH=/home/camila/ros2_ws/src/my_robot_test/build/my_robot_test/prefix_override:/usr/lib/python3/dist-packages/colcon_core/task/python/colcon_distutils_commands:/home/camila/ros2_ws/src/my_robot_test/install/my_robot_test/lib/python3.12/site-packages:${PYTHONPATH} /usr/bin/python3 -W ignore:setup.py install is deprecated -W ignore:easy_install command is deprecated setup.py egg_info --egg-base build/my_robot_test build --build-base /home/camila/ros2_ws/src/my_robot_test/build/my_robot_test/build install --record /home/camila/ros2_ws/src/my_robot_test/build/my_robot_test/install.log --single-version-externally-managed install_data
[7.792s] DEBUG:colcon.colcon_core.event_handler.log_command:Invoked command in '/home/camila/ros2_ws/src/my_robot_test' returned '0': DEBUGINFOD_URLS=https://debuginfod.ubuntu.com PYTHONPATH=/home/camila/ros2_ws/src/my_robot_test/build/my_robot_test/prefix_override:/usr/lib/python3/dist-packages/colcon_core/task/python/colcon_distutils_commands:/home/camila/ros2_ws/src/my_robot_test/install/my_robot_test/lib/python3.12/site-packages:${PYTHONPATH} /usr/bin/python3 -W ignore:setup.py install is deprecated -W ignore:easy_install command is deprecated setup.py egg_info --egg-base build/my_robot_test build --build-base /home/camila/ros2_ws/src/my_robot_test/build/my_robot_test/build install --record /home/camila/ros2_ws/src/my_robot_test/build/my_robot_test/install.log --single-version-externally-managed install_data
[7.800s] Level 1:colcon.colcon_core.environment:checking '/home/camila/ros2_ws/src/my_robot_test/install/my_robot_test' for CMake module files
[7.802s] Level 1:colcon.colcon_core.environment:checking '/home/camila/ros2_ws/src/my_robot_test/install/my_robot_test' for CMake config files
[7.804s] Level 1:colcon.colcon_core.environment:checking '/home/camila/ros2_ws/src/my_robot_test/install/my_robot_test/lib'
[7.804s] Level 1:colcon.colcon_core.environment:checking '/home/camila/ros2_ws/src/my_robot_test/install/my_robot_test/bin'
[7.805s] Level 1:colcon.colcon_core.environment:checking '/home/camila/ros2_ws/src/my_robot_test/install/my_robot_test/lib/pkgconfig/my_robot_test.pc'
[7.805s] Level 1:colcon.colcon_core.environment:checking '/home/camila/ros2_ws/src/my_robot_test/install/my_robot_test/lib/python3.12/site-packages'
[7.806s] Level 1:colcon.colcon_core.shell:create_environment_hook('my_robot_test', 'pythonpath')
[7.806s] INFO:colcon.colcon_core.shell:Creating environment descriptor '/home/camila/ros2_ws/src/my_robot_test/install/my_robot_test/share/my_robot_test/hook/pythonpath.dsv'
[7.807s] INFO:colcon.colcon_core.shell:Creating environment hook '/home/camila/ros2_ws/src/my_robot_test/install/my_robot_test/share/my_robot_test/hook/pythonpath.sh'
[7.809s] Level 1:colcon.colcon_core.environment:checking '/home/camila/ros2_ws/src/my_robot_test/install/my_robot_test/bin'
[7.809s] Level 1:colcon.colcon_core.environment:create_environment_scripts_only(my_robot_test)
[7.810s] INFO:colcon.colcon_core.shell:Creating package descriptor '/home/camila/ros2_ws/src/my_robot_test/install/my_robot_test/share/my_robot_test/package.dsv'
[7.813s] INFO:colcon.colcon_core.shell:Creating package script '/home/camila/ros2_ws/src/my_robot_test/install/my_robot_test/share/my_robot_test/package.sh'
[7.816s] INFO:colcon.colcon_core.shell:Creating package script '/home/camila/ros2_ws/src/my_robot_test/install/my_robot_test/share/my_robot_test/package.bash'
[7.819s] INFO:colcon.colcon_core.shell:Creating package script '/home/camila/ros2_ws/src/my_robot_test/install/my_robot_test/share/my_robot_test/package.zsh'
[7.821s] Level 1:colcon.colcon_core.environment:create_file_with_runtime_dependencies(/home/camila/ros2_ws/src/my_robot_test/install/my_robot_test/share/colcon-core/packages/my_robot_test)
[7.822s] DEBUG:colcon.colcon_parallel_executor.executor.parallel:closing loop
[7.823s] DEBUG:colcon.colcon_parallel_executor.executor.parallel:loop closed
[7.823s] DEBUG:colcon.colcon_parallel_executor.executor.parallel:run_until_complete finished with '0'
[7.824s] DEBUG:colcon.colcon_core.event_reactor:joining thread
[7.843s] INFO:colcon.colcon_core.plugin_system:Skipping extension 'colcon_notification.desktop_notification.terminal_notifier': Not used on non-Darwin systems
[7.843s] INFO:colcon.colcon_core.plugin_system:Skipping extension 'colcon_notification.desktop_notification.win32': Not used on non-Windows systems
[7.843s] INFO:colcon.colcon_notification.desktop_notification:Sending desktop notification using 'notify2'
[7.883s] DEBUG:colcon.colcon_core.event_reactor:joined thread
[7.884s] INFO:colcon.colcon_core.shell:Creating prefix script '/home/camila/ros2_ws/src/my_robot_test/install/local_setup.sh'
[7.886s] INFO:colcon.colcon_core.shell:Creating prefix util module '/home/camila/ros2_ws/src/my_robot_test/install/_local_setup_util_sh.py'
[7.891s] INFO:colcon.colcon_core.shell:Creating prefix chain script '/home/camila/ros2_ws/src/my_robot_test/install/setup.sh'
[7.895s] INFO:colcon.colcon_core.shell:Creating prefix script '/home/camila/ros2_ws/src/my_robot_test/install/local_setup.bash'
[7.898s] INFO:colcon.colcon_core.shell:Creating prefix chain script '/home/camila/ros2_ws/src/my_robot_test/install/setup.bash'
[7.901s] INFO:colcon.colcon_core.shell:Creating prefix script '/home/camila/ros2_ws/src/my_robot_test/install/local_setup.zsh'
[7.904s] INFO:colcon.colcon_core.shell:Creating prefix chain script '/home/camila/ros2_ws/src/my_robot_test/install/setup.zsh'
